<?xml version="1.0" encoding="UTF-8"?>
<testng-results ignored="0" total="6" passed="5" failed="1" skipped="0">
  <reporter-output>
  </reporter-output>
  <suite started-at="2025-03-12T17:55:55 IST" name="Default suite" finished-at="2025-03-12T17:56:27 IST" duration-ms="31562">
    <groups>
    </groups>
    <test started-at="2025-03-12T17:55:55 IST" name="Default test" finished-at="2025-03-12T17:56:27 IST" duration-ms="31562">
      <class name="com.KSDesign.KGL_Test.Amazon_KGL_Test">
        <test-method is-config="true" signature="setup()[pri:0, instance:com.KSDesign.KGL_Test.Amazon_KGL_Test@55cb6996]" started-at="2025-03-12T17:55:55 IST" name="setup" finished-at="2025-03-12T17:55:58 IST" duration-ms="2599" status="PASS">
          <reporter-output>
          </reporter-output>
        </test-method> <!-- setup -->
        <test-method signature="openAmazon()[pri:1, instance:com.KSDesign.KGL_Test.Amazon_KGL_Test@55cb6996]" started-at="2025-03-12T17:55:58 IST" name="openAmazon" finished-at="2025-03-12T17:56:00 IST" duration-ms="1908" status="PASS">
          <reporter-output>
          </reporter-output>
        </test-method> <!-- openAmazon -->
        <test-method signature="searchIPhone()[pri:2, instance:com.KSDesign.KGL_Test.Amazon_KGL_Test@55cb6996]" started-at="2025-03-12T17:56:00 IST" name="searchIPhone" finished-at="2025-03-12T17:56:08 IST" duration-ms="8712" status="PASS">
          <reporter-output>
          </reporter-output>
        </test-method> <!-- searchIPhone -->
        <test-method signature="clickIPhoneProduct()[pri:3, instance:com.KSDesign.KGL_Test.Amazon_KGL_Test@55cb6996]" started-at="2025-03-12T17:56:08 IST" name="clickIPhoneProduct" finished-at="2025-03-12T17:56:09 IST" duration-ms="909" status="PASS">
          <reporter-output>
          </reporter-output>
        </test-method> <!-- clickIPhoneProduct -->
        <test-method signature="visitAppleStore()[pri:4, instance:com.KSDesign.KGL_Test.Amazon_KGL_Test@55cb6996]" started-at="2025-03-12T17:56:09 IST" name="visitAppleStore" finished-at="2025-03-12T17:56:21 IST" duration-ms="11413" status="PASS">
          <reporter-output>
          </reporter-output>
        </test-method> <!-- visitAppleStore -->
        <test-method signature="selectAppleWatch()[pri:5, instance:com.KSDesign.KGL_Test.Amazon_KGL_Test@55cb6996]" started-at="2025-03-12T17:56:21 IST" name="selectAppleWatch" finished-at="2025-03-12T17:56:25 IST" duration-ms="4346" status="PASS">
          <reporter-output>
          </reporter-output>
        </test-method> <!-- selectAppleWatch -->
        <test-method signature="hoverAndValidateQuickLook()[pri:6, instance:com.KSDesign.KGL_Test.Amazon_KGL_Test@55cb6996]" started-at="2025-03-12T17:56:25 IST" name="hoverAndValidateQuickLook" finished-at="2025-03-12T17:56:26 IST" duration-ms="1168" status="FAIL">
          <exception class="java.lang.Error">
            <message>
              <![CDATA[Invalid memory access]]>
            </message>
            <full-stacktrace>
              <![CDATA[java.lang.Error: Invalid memory access
at com.sun.jna.Native.invokePointer(Native Method)
at com.sun.jna.Function.invokePointer(Function.java:497)
at com.sun.jna.Function.invoke(Function.java:441)
at com.sun.jna.Function.invoke(Function.java:361)
at com.sun.jna.Library$Handler.invoke(Library.java:265)
at jdk.proxy2/jdk.proxy2.$Proxy10.TessBaseAPIGetUTF8Text(Unknown Source)
at net.sourceforge.tess4j.Tesseract.getOCRText(Tesseract.java:517)
at net.sourceforge.tess4j.Tesseract.doOCR(Tesseract.java:359)
at net.sourceforge.tess4j.Tesseract.doOCR(Tesseract.java:228)
at net.sourceforge.tess4j.Tesseract.doOCR(Tesseract.java:195)
at com.KSDesign.KGL_Test.Amazon_KGL_Test.hoverAndValidateQuickLook(Amazon_KGL_Test.java:143)
at java.base/jdk.internal.reflect.NativeMethodAccessorImpl.invoke0(Native Method)
at java.base/jdk.internal.reflect.NativeMethodAccessorImpl.invoke(NativeMethodAccessorImpl.java:77)
at java.base/jdk.internal.reflect.DelegatingMethodAccessorImpl.invoke(DelegatingMethodAccessorImpl.java:43)
at java.base/java.lang.reflect.Method.invoke(Method.java:568)
at org.testng.internal.invokers.MethodInvocationHelper.invokeMethod(MethodInvocationHelper.java:141)
at org.testng.internal.invokers.TestInvoker.invokeMethod(TestInvoker.java:686)
at org.testng.internal.invokers.TestInvoker.invokeTestMethod(TestInvoker.java:230)
at org.testng.internal.invokers.MethodRunner.runInSequence(MethodRunner.java:63)
at org.testng.internal.invokers.TestInvoker$MethodInvocationAgent.invoke(TestInvoker.java:992)
at org.testng.internal.invokers.TestInvoker.invokeTestMethods(TestInvoker.java:203)
at org.testng.internal.invokers.TestMethodWorker.invokeTestMethods(TestMethodWorker.java:154)
at org.testng.internal.invokers.TestMethodWorker.run(TestMethodWorker.java:134)
at java.base/java.util.ArrayList.forEach(ArrayList.java:1511)
at org.testng.TestRunner.privateRun(TestRunner.java:739)
at org.testng.TestRunner.run(TestRunner.java:614)
at org.testng.SuiteRunner.runTest(SuiteRunner.java:421)
at org.testng.SuiteRunner.runSequentially(SuiteRunner.java:413)
at org.testng.SuiteRunner.privateRun(SuiteRunner.java:373)
at org.testng.SuiteRunner.run(SuiteRunner.java:312)
at org.testng.SuiteRunnerWorker.runSuite(SuiteRunnerWorker.java:52)
at org.testng.SuiteRunnerWorker.run(SuiteRunnerWorker.java:95)
at org.testng.TestNG.runSuitesSequentially(TestNG.java:1274)
at org.testng.TestNG.runSuitesLocally(TestNG.java:1208)
at org.testng.TestNG.runSuites(TestNG.java:1112)
at org.testng.TestNG.run(TestNG.java:1079)
at org.testng.remote.AbstractRemoteTestNG.run(AbstractRemoteTestNG.java:115)
at org.testng.remote.RemoteTestNG.initAndRun(RemoteTestNG.java:293)
at org.testng.remote.RemoteTestNG.main(RemoteTestNG.java:91)
]]>
            </full-stacktrace>
          </exception> <!-- java.lang.Error -->
          <reporter-output>
          </reporter-output>
        </test-method> <!-- hoverAndValidateQuickLook -->
        <test-method is-config="true" signature="teardown()[pri:0, instance:com.KSDesign.KGL_Test.Amazon_KGL_Test@55cb6996]" started-at="2025-03-12T17:56:26 IST" name="teardown" finished-at="2025-03-12T17:56:27 IST" duration-ms="409" status="PASS">
          <reporter-output>
          </reporter-output>
        </test-method> <!-- teardown -->
      </class> <!-- com.KSDesign.KGL_Test.Amazon_KGL_Test -->
    </test> <!-- Default test -->
  </suite> <!-- Default suite -->
</testng-results>
